make all --print-data-base --no-builtin-variables --no-builtin-rules --question
# GNU Make 4.2.1
# Built for x86_64-pc-linux-gnu
# Copyright (C) 1988-2016 Free Software Foundation, Inc.
# License GPLv3+: GNU GPL version 3 or later <http://gnu.org/licenses/gpl.html>
# This is free software: you are free to change and redistribute it.
# There is NO WARRANTY, to the extent permitted by law.

# Make data base, printed on Thu Aug 11 06:07:08 2022

# Variables

# 'override' directive
GNUMAKEFLAGS := 
# automatic
<D = $(patsubst %/,%,$(dir $<))
# automatic
?F = $(notdir $?)
# environment
DESKTOP_SESSION = ubuntu
# default
.SHELLFLAGS := -c
# environment
XDG_SESSION_CLASS = user
# environment
XDG_SESSION_TYPE = x11
# automatic
?D = $(patsubst %/,%,$(dir $?))
# environment
IM_CONFIG_PHASE = 1
# automatic
@D = $(patsubst %/,%,$(dir $@))
# environment
XAUTHORITY = /run/user/1000/gdm/Xauthority
# environment
GDMSESSION = ubuntu
# environment
XMODIFIERS = @im=ibus
# makefile
CURDIR := /home/avi/Work/c++ server
# makefile
SHELL = /bin/sh
# environment
VSCODE_NLS_CONFIG = {"locale":"en-gb","availableLanguages":{},"_languagePackSupport":true}
# environment
_ = /usr/share/code/code
# environment
JOURNAL_STREAM = 8:58838
# environment
XDG_CONFIG_DIRS = /etc/xdg/xdg-ubuntu:/etc/xdg
# makefile (from 'Makefile', line 1)
MAKEFILE_LIST :=  Makefile
# environment
JAVA_HOME = 
# automatic
@F = $(notdir $@)
# environment
GIO_LAUNCHED_DESKTOP_FILE = /usr/share/applications/code.desktop
# environment
USERNAME = avi
# environment
XDG_DATA_DIRS = /usr/share/ubuntu:/usr/local/share/:/usr/share/:/var/lib/snapd/desktop
# environment
DBUS_SESSION_BUS_ADDRESS = unix:path=/run/user/1000/bus
# environment
MANAGERPID = 2806
# environment
LESSOPEN = | /usr/bin/lesspipe %s
# environment
VSCODE_CWD = /home/avi
# default
MAKE_HOST := x86_64-pc-linux-gnu
# environment
PATH = /usr/local/lib/nodejs/node-v14.17.4-linux-x64/bin:/home/avi/.local/bin:/home/avi/bin::/usr/local/lib/nodejs/node-v14.17.4-linux-x64/bin:/home/avi/.local/bin:/home/avi/bin:/usr/local/sbin:/usr/local/bin:/usr/sbin:/usr/bin:/sbin:/bin:/usr/games:/usr/local/games:/snap/bin
# environment
GPG_AGENT_INFO = /run/user/1000/gnupg/S.gpg-agent:0:1
# environment
SESSION_MANAGER = local/avi-Nitro-AN515-44:@/tmp/.ICE-unix/3107,unix/avi-Nitro-AN515-44:/tmp/.ICE-unix/3107
# environment
XDG_RUNTIME_DIR = /run/user/1000
# environment
XDG_MENU_PREFIX = gnome-
# environment
ELECTRON_RUN_AS_NODE = 1
# environment
INVOCATION_ID = 6a958ce949d54cf88003b4f4815ab70f
# default
.FEATURES := target-specific order-only second-expansion else-if shortest-stem undefine oneshell archives jobserver output-sync check-symlink load
# environment
LS_COLORS = 
# environment
XDG_SESSION_DESKTOP = ubuntu
# environment
SSH_AUTH_SOCK = /run/user/1000/keyring/ssh
# environment
GIO_LAUNCHED_DESKTOP_FILE_PID = 30717
# automatic
%F = $(notdir $%)
# environment
DISPLAY = :1
# environment
PWD = /home/avi/Work/c++ server
# default
.LOADED := 
# environment
SSH_AGENT_PID = 3041
# environment
ORIGINAL_XDG_CURRENT_DESKTOP = ubuntu:GNOME
# environment
GTK_MODULES = gail:atk-bridge
# environment
VSCODE_AMD_ENTRYPOINT = vs/workbench/api/node/extensionHostProcess
# environment
HOME = /home/avi
# environment
LESSCLOSE = /usr/bin/lesspipe %s %s
# environment
VSCODE_CODE_CACHE_PATH = /home/avi/.config/Code/CachedData/3b889b090b5ad5793f524b5d1d39fda662b96a2a
# environment
LOGNAME = avi
# environment
APPLICATION_INSIGHTS_NO_DIAGNOSTIC_CHANNEL = 1
# environment
VSCODE_HANDLES_UNCAUGHT_ERRORS = true
# environment
GNOME_DESKTOP_SESSION_ID = this-is-deprecated
# automatic
^D = $(patsubst %/,%,$(dir $^))
# environment
MAKELEVEL := 0
# default
MAKE = $(MAKE_COMMAND)
# default
MAKECMDGOALS := all
# environment
QT_IM_MODULE = ibus
# environment
SHLVL = 0
# environment
GNOME_SHELL_SESSION_MODE = ubuntu
# default
MAKE_VERSION := 4.2.1
# environment
USER = avi
# makefile
.DEFAULT_GOAL := all
# environment
XDG_CURRENT_DESKTOP = Unity
# automatic
%D = $(patsubst %/,%,$(dir $%))
# default
MAKE_COMMAND := make
# default
.VARIABLES := 
# automatic
*F = $(notdir $*)
# environment
LANGUAGE = en_IN:en
# environment
VSCODE_IPC_HOOK = /run/user/1000/vscode-9f80dd86-1.69.2-main.sock
# makefile
MAKEFLAGS = pqrR
# environment
MFLAGS = -pqrR
# automatic
*D = $(patsubst %/,%,$(dir $*))
# automatic
+D = $(patsubst %/,%,$(dir $+))
# environment
GDK_BACKEND = x11
# automatic
+F = $(notdir $+)
# environment
QT_ACCESSIBILITY = 1
# default
MAKEFILES := 
# automatic
<F = $(notdir $<)
# environment
LC_ALL = C
# environment
GJS_DEBUG_TOPICS = JS ERROR;JS LOG
# automatic
^F = $(notdir $^)
# default
SUFFIXES := 
# environment
CHROME_DESKTOP = code-url-handler.desktop
# environment
WINDOWPATH = 2
# default
.INCLUDE_DIRS = /usr/include /usr/local/include /usr/include
# environment
GJS_DEBUG_OUTPUT = stderr
# default
.RECIPEPREFIX := 
# environment
LANG = C
# environment
VSCODE_PID = 30717
# variable set hash-table stats:
# Load=94/1024=9%, Rehash=0, Collisions=13/122=11%

# Pattern-specific Variable Values

# No pattern-specific variable values.

# Directories

# . (device 2052, inode 6426474): 35 files, no impossibilities.

# 35 files, no impossibilities in 1 directories.

# Implicit Rules

# No implicit rules.

# Files

# Not a target:
def.h:
#  Implicit rule search has been done.
#  Last modified 2022-08-02 00:16:50.022237719
#  File has been updated.
#  Successfully updated.

# Not a target:
parsers.cpp:
#  Implicit rule search has not been done.
#  Modification time never checked.
#  File has not been updated.

# Not a target:
dynamicHTMLRenderer.h:
#  Implicit rule search has been done.
#  Last modified 2022-08-11 00:39:52.642890389
#  File has been updated.
#  Successfully updated.

# Not a target:
globals.h:
#  Implicit rule search has been done.
#  Last modified 2022-07-30 22:50:29.130691578
#  File has been updated.
#  Successfully updated.

all: webServer.o utils.o sessions.o parsers.o responseHandler.o
#  Phony target (prerequisite of .PHONY).
#  Command line target.
#  Implicit rule search has not been done.
#  File does not exist.
#  File has been updated.
#  Needs to be updated (-q is set).
# variable set hash-table stats:
# Load=0/32=0%, Rehash=0, Collisions=0/3=0%
#  recipe to execute (from 'Makefile', line 9):
	g++ webServer.o utils.o sessions.o parsers.o responseHandler.o -o server -lpthread

# Not a target:
structDef.h:
#  Implicit rule search has been done.
#  Last modified 2022-07-13 17:23:32.737395994
#  File has been updated.
#  Successfully updated.

.PHONY: clean all run
#  Implicit rule search has not been done.
#  Modification time never checked.
#  File has not been updated.

webServer.o: webServer.cpp def.h user_def.h includes.h structDef.h reflection.h utils.h sessions.h globals.h externs.h dynamicHTMLRenderer.h
#  Implicit rule search has not been done.
#  Implicit/static pattern stem: ''
#  Last modified 2022-08-11 00:38:07.573428036
#  File has been updated.
#  Needs to be updated (-q is set).
# automatic
# @ := webServer.o
# automatic
# % := 
# automatic
# * := 
# automatic
# + := webServer.cpp def.h user_def.h includes.h structDef.h reflection.h utils.h sessions.h globals.h externs.h dynamicHTMLRenderer.h
# automatic
# | := 
# automatic
# < := webServer.cpp
# automatic
# ^ := webServer.cpp def.h user_def.h includes.h structDef.h reflection.h utils.h sessions.h globals.h externs.h dynamicHTMLRenderer.h
# automatic
# ? := webServer.cpp dynamicHTMLRenderer.h
# variable set hash-table stats:
# Load=8/32=25%, Rehash=0, Collisions=1/12=8%
#  recipe to execute (from 'Makefile', line 12):
	g++ -c webServer.cpp -o $@

# Not a target:
reflection.h:
#  Implicit rule search has been done.
#  Last modified 2022-08-10 23:22:24.322416255
#  File has been updated.
#  Successfully updated.

# Not a target:
sessions.h:
#  Implicit rule search has been done.
#  Last modified 2022-07-30 22:53:36.200065252
#  File has been updated.
#  Successfully updated.

# Not a target:
.SUFFIXES:
#  Implicit rule search has not been done.
#  Modification time never checked.
#  File has not been updated.

# Not a target:
utils.h:
#  Implicit rule search has been done.
#  Last modified 2022-08-02 02:16:09.476171777
#  File has been updated.
#  Successfully updated.

# Not a target:
Makefile:
#  Implicit rule search has been done.
#  Last modified 2022-08-11 06:07:06.436298003
 
#  File has been updated.
#  Successfully updated.

# Not a target:
sessions.cpp:
#  Implicit rule search has not been done.
#  Modification time never checked.
#  File has not been updated.

# Not a target:
utils.cpp:
#  Implicit rule search has not been done.
#  Modification time never checked.
#  File has not been updated.

# Not a target:
user_def.h:
#  Implicit rule search has been done.
#  Last modified 2022-08-09 00:30:16.914711476
#  File has been updated.
#  Successfully updated.

parsers.o: parsers.cpp includes.h def.h parsers.h externs.h
#  Implicit rule search has not been done.
#  Modification time never checked.
#  File has not been updated.
#  recipe to execute (from 'Makefile', line 25):
	g++ -c parsers.cpp -o $@

# Not a target:
includes.h:
#  Implicit rule search has been done.
#  Last modified 2022-07-12 00:22:08.196627013
#  File has been updated.
#  Successfully updated.

# Not a target:
.DEFAULT:
#  Implicit rule search has not been done.
#  Modification time never checked.
#  File has not been updated.

# Not a target:
externs.h:
#  Implicit rule search has been done.
#  Last modified 2022-07-30 22:50:43.810466496
#  File has been updated.
#  Successfully updated.

# Not a target:
webServer.cpp:
#  Implicit rule search has been done.
#  Last modified 2022-08-11 04:46:29.038398129
#  File has been updated.
#  Successfully updated.

run:
#  Phony target (prerequisite of .PHONY).
#  Implicit rule search has not been done.
#  File does not exist.
#  File has not been updated.
#  recipe to execute (from 'Makefile', line 34):
	@./server

clean:
#  Phony target (prerequisite of .PHONY).
#  Implicit rule search has not been done.
#  File does not exist.
#  File has not been updated.
#  recipe to execute (from 'Makefile', line 31):
	@rm -f *.o *.out server

sessions.o: sessions.cpp includes.h def.h sessions.h externs.h sessions.cpp
#  Implicit rule search has not been done.
#  Modification time never checked.
#  File has not been updated.
#  recipe to execute (from 'Makefile', line 22):
	g++ -c sessions.cpp -o $@

utils.o: utils.cpp includes.h utils.h def.h utils.cpp
#  Implicit rule search has not been done.
#  Modification time never checked.
#  File has not been updated.
#  recipe to execute (from 'Makefile', line 19):
	g++ -c utils.cpp -o $@

responseHandler.o: user_def.h externs.h
#  Implicit rule search has not been done.
#  Modification time never checked.
#  File has not been updated.
#  recipe to execute (from 'Makefile', line 28):
	g++ -c responseHandler.cpp -o $@

# Not a target:
parsers.h:
#  Implicit rule search has not been done.
#  Modification time never checked.
#  File has not been updated.

# files hash-table stats:
# Load=27/1024=3%, Rehash=0, Collisions=2/81=2%
# VPATH Search Paths

# No 'vpath' search paths.

# No general ('VPATH' variable) search path.

# strcache buffers: 1 (0) / strings = 44 / storage = 469 B / avg = 10 B
# current buf: size = 8162 B / used = 469 B / count = 44 / avg = 10 B

# strcache performance: lookups = 100 / hit rate = 56%
# hash-table stats:
# Load=44/8192=1%, Rehash=0, Collisions=1/100=1%
# Finished Make data base on Thu Aug 11 06:07:08 2022

 
